<?xml version="1.0" encoding="UTF-8"?>
<testsuite xmlns:xsi="http://www.w3.org/2001/XMLSchema-instance" xsi:noNamespaceSchemaLocation="https://maven.apache.org/surefire/maven-surefire-plugin/xsd/surefire-test-report.xsd" name="com.asenwer93.sber.Test" time="20.291" tests="2" errors="1" skipped="0" failures="1">
  <properties>
    <property name="sun.desktop" value="windows"/>
    <property name="awt.toolkit" value="sun.awt.windows.WToolkit"/>
    <property name="file.encoding.pkg" value="sun.io"/>
    <property name="java.specification.version" value="1.8"/>
    <property name="sun.cpu.isalist" value="pentium_pro+mmx pentium_pro pentium+mmx pentium i486 i386 i86"/>
    <property name="sun.jnu.encoding" value="Cp1251"/>
    <property name="java.class.path" value="F:\IdeaProjects\SecuritySpringTemp\Temp\Asewer-sbertesttask\target\test-classes;F:\IdeaProjects\SecuritySpringTemp\Temp\Asewer-sbertesttask\target\classes;C:\Users\Vika I\.m2\repository\org\seleniumhq\selenium\selenium-java\3.8.1\selenium-java-3.8.1.jar;C:\Users\Vika I\.m2\repository\org\seleniumhq\selenium\selenium-api\3.8.1\selenium-api-3.8.1.jar;C:\Users\Vika I\.m2\repository\org\seleniumhq\selenium\selenium-chrome-driver\3.8.1\selenium-chrome-driver-3.8.1.jar;C:\Users\Vika I\.m2\repository\org\seleniumhq\selenium\selenium-edge-driver\3.8.1\selenium-edge-driver-3.8.1.jar;C:\Users\Vika I\.m2\repository\org\seleniumhq\selenium\selenium-firefox-driver\3.8.1\selenium-firefox-driver-3.8.1.jar;C:\Users\Vika I\.m2\repository\org\seleniumhq\selenium\selenium-ie-driver\3.8.1\selenium-ie-driver-3.8.1.jar;C:\Users\Vika I\.m2\repository\org\seleniumhq\selenium\selenium-opera-driver\3.8.1\selenium-opera-driver-3.8.1.jar;C:\Users\Vika I\.m2\repository\org\seleniumhq\selenium\selenium-remote-driver\3.8.1\selenium-remote-driver-3.8.1.jar;C:\Users\Vika I\.m2\repository\org\seleniumhq\selenium\selenium-safari-driver\3.8.1\selenium-safari-driver-3.8.1.jar;C:\Users\Vika I\.m2\repository\org\seleniumhq\selenium\selenium-support\3.8.1\selenium-support-3.8.1.jar;C:\Users\Vika I\.m2\repository\net\bytebuddy\byte-buddy\1.7.5\byte-buddy-1.7.5.jar;C:\Users\Vika I\.m2\repository\org\apache\commons\commons-exec\1.3\commons-exec-1.3.jar;C:\Users\Vika I\.m2\repository\commons-codec\commons-codec\1.10\commons-codec-1.10.jar;C:\Users\Vika I\.m2\repository\commons-logging\commons-logging\1.2\commons-logging-1.2.jar;C:\Users\Vika I\.m2\repository\com\google\code\gson\gson\2.8.2\gson-2.8.2.jar;C:\Users\Vika I\.m2\repository\com\google\guava\guava\23.0\guava-23.0.jar;C:\Users\Vika I\.m2\repository\com\google\code\findbugs\jsr305\1.3.9\jsr305-1.3.9.jar;C:\Users\Vika I\.m2\repository\com\google\errorprone\error_prone_annotations\2.0.18\error_prone_annotations-2.0.18.jar;C:\Users\Vika I\.m2\repository\com\google\j2objc\j2objc-annotations\1.1\j2objc-annotations-1.1.jar;C:\Users\Vika I\.m2\repository\org\codehaus\mojo\animal-sniffer-annotations\1.14\animal-sniffer-annotations-1.14.jar;C:\Users\Vika I\.m2\repository\org\apache\httpcomponents\httpclient\4.5.3\httpclient-4.5.3.jar;C:\Users\Vika I\.m2\repository\org\apache\httpcomponents\httpcore\4.4.6\httpcore-4.4.6.jar;C:\Users\Vika I\.m2\repository\junit\junit\4.12\junit-4.12.jar;C:\Users\Vika I\.m2\repository\io\qameta\allure\allure-junit4\2.0-BETA21\allure-junit4-2.0-BETA21.jar;C:\Users\Vika I\.m2\repository\io\qameta\allure\allure-java-commons\2.0-BETA21\allure-java-commons-2.0-BETA21.jar;C:\Users\Vika I\.m2\repository\io\qameta\allure\allure2-model-api\1.0-BETA6\allure2-model-api-1.0-BETA6.jar;C:\Users\Vika I\.m2\repository\io\qameta\allure\allure2-model-pojo\1.0-BETA6\allure2-model-pojo-1.0-BETA6.jar;C:\Users\Vika I\.m2\repository\org\apache\tika\tika-core\1.14\tika-core-1.14.jar;C:\Users\Vika I\.m2\repository\io\qameta\allure\allure2-model-jackson\1.0-BETA6\allure2-model-jackson-1.0-BETA6.jar;C:\Users\Vika I\.m2\repository\com\fasterxml\jackson\core\jackson-databind\2.7.0\jackson-databind-2.7.0.jar;C:\Users\Vika I\.m2\repository\com\fasterxml\jackson\core\jackson-annotations\2.7.0\jackson-annotations-2.7.0.jar;C:\Users\Vika I\.m2\repository\com\fasterxml\jackson\core\jackson-core\2.7.0\jackson-core-2.7.0.jar;C:\Users\Vika I\.m2\repository\com\fasterxml\jackson\module\jackson-module-jaxb-annotations\2.7.0\jackson-module-jaxb-annotations-2.7.0.jar;C:\Users\Vika I\.m2\repository\org\apache\commons\commons-lang3\3.5\commons-lang3-3.5.jar;C:\Users\Vika I\.m2\repository\org\aspectj\aspectjrt\1.8.10\aspectjrt-1.8.10.jar;C:\Users\Vika I\.m2\repository\org\jooq\joor\0.9.6\joor-0.9.6.jar;C:\Users\Vika I\.m2\repository\org\hamcrest\hamcrest-core\1.3\hamcrest-core-1.3.jar;C:\Users\Vika I\.m2\repository\org\slf4j\slf4j-api\1.7.5\slf4j-api-1.7.5.jar;C:\Users\Vika I\.m2\repository\org\slf4j\slf4j-simple\1.6.4\slf4j-simple-1.6.4.jar;"/>
    <property name="java.vm.vendor" value="Oracle Corporation"/>
    <property name="sun.arch.data.model" value="32"/>
    <property name="user.variant" value=""/>
    <property name="java.vendor.url" value="http://java.oracle.com/"/>
    <property name="user.timezone" value=""/>
    <property name="java.vm.specification.version" value="1.8"/>
    <property name="os.name" value="Windows 8.1"/>
    <property name="user.country" value="RU"/>
    <property name="sun.java.launcher" value="SUN_STANDARD"/>
    <property name="sun.boot.library.path" value="C:\Java\jdk1.8.0_152\jre\bin"/>
    <property name="sun.java.command" value="C:\Users\VIKAI~1\AppData\Local\Temp\surefire7570652708247874627\surefirebooter6968465870608160367.jar C:\Users\Vika I\AppData\Local\Temp\surefire7570652708247874627 2018-01-10T23-03-16_218-jvmRun1 surefire5277752294603834273tmp surefire_06333482005528328364tmp"/>
    <property name="surefire.test.class.path" value="F:\IdeaProjects\SecuritySpringTemp\Temp\Asewer-sbertesttask\target\test-classes;F:\IdeaProjects\SecuritySpringTemp\Temp\Asewer-sbertesttask\target\classes;C:\Users\Vika I\.m2\repository\org\seleniumhq\selenium\selenium-java\3.8.1\selenium-java-3.8.1.jar;C:\Users\Vika I\.m2\repository\org\seleniumhq\selenium\selenium-api\3.8.1\selenium-api-3.8.1.jar;C:\Users\Vika I\.m2\repository\org\seleniumhq\selenium\selenium-chrome-driver\3.8.1\selenium-chrome-driver-3.8.1.jar;C:\Users\Vika I\.m2\repository\org\seleniumhq\selenium\selenium-edge-driver\3.8.1\selenium-edge-driver-3.8.1.jar;C:\Users\Vika I\.m2\repository\org\seleniumhq\selenium\selenium-firefox-driver\3.8.1\selenium-firefox-driver-3.8.1.jar;C:\Users\Vika I\.m2\repository\org\seleniumhq\selenium\selenium-ie-driver\3.8.1\selenium-ie-driver-3.8.1.jar;C:\Users\Vika I\.m2\repository\org\seleniumhq\selenium\selenium-opera-driver\3.8.1\selenium-opera-driver-3.8.1.jar;C:\Users\Vika I\.m2\repository\org\seleniumhq\selenium\selenium-remote-driver\3.8.1\selenium-remote-driver-3.8.1.jar;C:\Users\Vika I\.m2\repository\org\seleniumhq\selenium\selenium-safari-driver\3.8.1\selenium-safari-driver-3.8.1.jar;C:\Users\Vika I\.m2\repository\org\seleniumhq\selenium\selenium-support\3.8.1\selenium-support-3.8.1.jar;C:\Users\Vika I\.m2\repository\net\bytebuddy\byte-buddy\1.7.5\byte-buddy-1.7.5.jar;C:\Users\Vika I\.m2\repository\org\apache\commons\commons-exec\1.3\commons-exec-1.3.jar;C:\Users\Vika I\.m2\repository\commons-codec\commons-codec\1.10\commons-codec-1.10.jar;C:\Users\Vika I\.m2\repository\commons-logging\commons-logging\1.2\commons-logging-1.2.jar;C:\Users\Vika I\.m2\repository\com\google\code\gson\gson\2.8.2\gson-2.8.2.jar;C:\Users\Vika I\.m2\repository\com\google\guava\guava\23.0\guava-23.0.jar;C:\Users\Vika I\.m2\repository\com\google\code\findbugs\jsr305\1.3.9\jsr305-1.3.9.jar;C:\Users\Vika I\.m2\repository\com\google\errorprone\error_prone_annotations\2.0.18\error_prone_annotations-2.0.18.jar;C:\Users\Vika I\.m2\repository\com\google\j2objc\j2objc-annotations\1.1\j2objc-annotations-1.1.jar;C:\Users\Vika I\.m2\repository\org\codehaus\mojo\animal-sniffer-annotations\1.14\animal-sniffer-annotations-1.14.jar;C:\Users\Vika I\.m2\repository\org\apache\httpcomponents\httpclient\4.5.3\httpclient-4.5.3.jar;C:\Users\Vika I\.m2\repository\org\apache\httpcomponents\httpcore\4.4.6\httpcore-4.4.6.jar;C:\Users\Vika I\.m2\repository\junit\junit\4.12\junit-4.12.jar;C:\Users\Vika I\.m2\repository\io\qameta\allure\allure-junit4\2.0-BETA21\allure-junit4-2.0-BETA21.jar;C:\Users\Vika I\.m2\repository\io\qameta\allure\allure-java-commons\2.0-BETA21\allure-java-commons-2.0-BETA21.jar;C:\Users\Vika I\.m2\repository\io\qameta\allure\allure2-model-api\1.0-BETA6\allure2-model-api-1.0-BETA6.jar;C:\Users\Vika I\.m2\repository\io\qameta\allure\allure2-model-pojo\1.0-BETA6\allure2-model-pojo-1.0-BETA6.jar;C:\Users\Vika I\.m2\repository\org\apache\tika\tika-core\1.14\tika-core-1.14.jar;C:\Users\Vika I\.m2\repository\io\qameta\allure\allure2-model-jackson\1.0-BETA6\allure2-model-jackson-1.0-BETA6.jar;C:\Users\Vika I\.m2\repository\com\fasterxml\jackson\core\jackson-databind\2.7.0\jackson-databind-2.7.0.jar;C:\Users\Vika I\.m2\repository\com\fasterxml\jackson\core\jackson-annotations\2.7.0\jackson-annotations-2.7.0.jar;C:\Users\Vika I\.m2\repository\com\fasterxml\jackson\core\jackson-core\2.7.0\jackson-core-2.7.0.jar;C:\Users\Vika I\.m2\repository\com\fasterxml\jackson\module\jackson-module-jaxb-annotations\2.7.0\jackson-module-jaxb-annotations-2.7.0.jar;C:\Users\Vika I\.m2\repository\org\apache\commons\commons-lang3\3.5\commons-lang3-3.5.jar;C:\Users\Vika I\.m2\repository\org\aspectj\aspectjrt\1.8.10\aspectjrt-1.8.10.jar;C:\Users\Vika I\.m2\repository\org\jooq\joor\0.9.6\joor-0.9.6.jar;C:\Users\Vika I\.m2\repository\org\hamcrest\hamcrest-core\1.3\hamcrest-core-1.3.jar;C:\Users\Vika I\.m2\repository\org\slf4j\slf4j-api\1.7.5\slf4j-api-1.7.5.jar;C:\Users\Vika I\.m2\repository\org\slf4j\slf4j-simple\1.6.4\slf4j-simple-1.6.4.jar;"/>
    <property name="sun.cpu.endian" value="little"/>
    <property name="user.home" value="C:\Users\Vika I"/>
    <property name="user.language" value="ru"/>
    <property name="java.specification.vendor" value="Oracle Corporation"/>
    <property name="java.home" value="C:\Java\jdk1.8.0_152\jre"/>
    <property name="basedir" value="F:\IdeaProjects\SecuritySpringTemp\Temp\Asewer-sbertesttask"/>
    <property name="file.separator" value="\"/>
    <property name="line.separator" value="&#10;"/>
    <property name="java.vm.specification.vendor" value="Oracle Corporation"/>
    <property name="java.specification.name" value="Java Platform API Specification"/>
    <property name="java.awt.graphicsenv" value="sun.awt.Win32GraphicsEnvironment"/>
    <property name="surefire.real.class.path" value="C:\Users\VIKAI~1\AppData\Local\Temp\surefire7570652708247874627\surefirebooter6968465870608160367.jar;C:\Users\Vika I\.m2\repository/org/aspectj/aspectjweaver/1.8.10/aspectjweaver-1.8.10.jar"/>
    <property name="sun.boot.class.path" value="C:\Java\jdk1.8.0_152\jre\lib\resources.jar;C:\Java\jdk1.8.0_152\jre\lib\rt.jar;C:\Java\jdk1.8.0_152\jre\lib\sunrsasign.jar;C:\Java\jdk1.8.0_152\jre\lib\jsse.jar;C:\Java\jdk1.8.0_152\jre\lib\jce.jar;C:\Java\jdk1.8.0_152\jre\lib\charsets.jar;C:\Java\jdk1.8.0_152\jre\lib\jfr.jar;C:\Java\jdk1.8.0_152\jre\classes"/>
    <property name="user.script" value=""/>
    <property name="sun.management.compiler" value="HotSpot Client Compiler"/>
    <property name="java.runtime.version" value="1.8.0_152-b16"/>
    <property name="user.name" value="Vika I"/>
    <property name="path.separator" value=";"/>
    <property name="os.version" value="6.3"/>
    <property name="java.endorsed.dirs" value="C:\Java\jdk1.8.0_152\jre\lib\endorsed"/>
    <property name="java.runtime.name" value="Java(TM) SE Runtime Environment"/>
    <property name="file.encoding" value="Cp1251"/>
    <property name="java.vm.name" value="Java HotSpot(TM) Client VM"/>
    <property name="localRepository" value="C:\Users\Vika I\.m2\repository"/>
    <property name="java.vendor.url.bug" value="http://bugreport.sun.com/bugreport/"/>
    <property name="java.io.tmpdir" value="C:\Users\VIKAI~1\AppData\Local\Temp\"/>
    <property name="idea.version" value="2017.2.6"/>
    <property name="java.version" value="1.8.0_152"/>
    <property name="user.dir" value="F:\IdeaProjects\SecuritySpringTemp\Temp\Asewer-sbertesttask"/>
    <property name="os.arch" value="x86"/>
    <property name="java.vm.specification.name" value="Java Virtual Machine Specification"/>
    <property name="java.awt.printerjob" value="sun.awt.windows.WPrinterJob"/>
    <property name="sun.os.patch.level" value=""/>
    <property name="java.library.path" value="C:\Java\jdk1.8.0_152\jre\bin;C:\WINDOWS\Sun\Java\bin;C:\WINDOWS\system32;C:\WINDOWS;C:\ProgramData\Oracle\Java\javapath;C:\Program Files (x86)\NVIDIA Corporation\PhysX\Common;C:\Program Files (x86)\Intel\iCLS Client\;C:\Program Files\Intel\iCLS Client\;C:\WINDOWS\system32;C:\WINDOWS;C:\WINDOWS\System32\Wbem;C:\WINDOWS\System32\WindowsPowerShell\v1.0\;C:\Program Files\Intel\Intel(R) Management Engine Components\DAL;C:\Program Files\Intel\Intel(R) Management Engine Components\IPT;C:\Program Files (x86)\Intel\Intel(R) Management Engine Components\DAL;C:\Program Files (x86)\Intel\Intel(R) Management Engine Components\IPT;C:\Program Files (x86)\Intel\OpenCL SDK\3.0\bin\x86;C:\Program Files (x86)\Intel\OpenCL SDK\3.0\bin\x64;C:\Java\jdk1.8.0_152\bin;C:\Program Files (x86)\Common Files\Acronis\SnapAPI\;C:\Java\Alure\allure-2.4.1\bin;C:\Program Files\Mozilla Firefox\firefox;C:\Program Files\Git\cmd;C:\Program Files (x86)\Common Files\Acronis\TibMounter64;."/>
    <property name="java.vm.info" value="mixed mode"/>
    <property name="java.vendor" value="Oracle Corporation"/>
    <property name="java.vm.version" value="25.152-b16"/>
    <property name="java.ext.dirs" value="C:\Java\jdk1.8.0_152\jre\lib\ext;C:\WINDOWS\Sun\Java\lib\ext"/>
    <property name="sun.io.unicode.encoding" value="UnicodeLittle"/>
    <property name="java.class.version" value="52.0"/>
  </properties>
  <testcase name="test1" classname="com.asenwer93.sber.Test" time="16.539">
    <failure message="&#10;Expected: is &lt;10&gt;&#10;     but: was &lt;12&gt;" type="java.lang.AssertionError"><![CDATA[java.lang.AssertionError: 

Expected: is <10>
     but: was <12>
	at com.asenwer93.sber.Test.test1(Test.java:61)
]]></failure>
    <system-err><![CDATA[1515614598151	geckodriver	INFO	geckodriver 0.19.1
1515614598167	geckodriver	INFO	Listening on 127.0.0.1:44366
1515614598939	mozrunner::runner	INFO	Running command: "C:\\Program Files\\Mozilla Firefox\\firefox.exe" "-marionette" "-profile" "C:\\Users\\VIKAI~1\\AppData\\Local\\Temp\\rust_mozprofile.M6SjpBxzlwCo"
1515614599430	Marionette	INFO	Enabled via --marionette
Unable to read VR Path Registry from C:\Users\Vika I\AppData\Local\openvr\openvrpaths.vrpath
[Parent 4216, Gecko_IOThread] WARNING: pipe error: 109: file z:/build/build/src/ipc/chromium/src/chrome/common/ipc_channel_win.cc, line 346
Unable to read VR Path Registry from C:\Users\Vika I\AppData\Local\openvr\openvrpaths.vrpath
[Child 4128, Chrome_ChildThread] WARNING: pipe error: 109: file z:/build/build/src/ipc/chromium/src/chrome/common/ipc_channel_win.cc, line 346
1515614600607	Marionette	INFO	Listening on port 51830
1515614601024	Marionette	WARN	TLS certificate errors will be ignored for this session
1515614601120	Marionette	DEBUG	Register listener.js for window 4294967297
янв 10, 2018 11:03:21 PM org.openqa.selenium.remote.ProtocolHandshake createSession
INFO: Detected dialect: W3C
1515614601327	Marionette	DEBUG	Received DOM event "beforeunload" for "about:blank"
1515614601711	Marionette	DEBUG	Received DOM event "pagehide" for "about:blank"
1515614601711	Marionette	DEBUG	Received DOM event "unload" for "about:blank"
1515614602394	Marionette	DEBUG	Received DOM event "DOMContentLoaded" for "https://yandex.ru/"
1515614602971	Marionette	DEBUG	Received DOM event "pageshow" for "https://yandex.ru/"
1515614603052	Marionette	DEBUG	Received DOM event "beforeunload" for "https://yandex.ru/"
1515614603236	Marionette	DEBUG	Received DOM event "pagehide" for "https://yandex.ru/"
1515614603237	Marionette	DEBUG	Received DOM event "unload" for "https://yandex.ru/"
1515614603463	Marionette	DEBUG	Received observer notification "outer-window-destroyed" for "4294967301"
1515614604035	Marionette	DEBUG	Received DOM event "DOMContentLoaded" for "https://market.yandex.ru/?clid=505&utm_source=face_abovesearch&utm_campaign=face_abovesearch"
1515614604532	Marionette	DEBUG	Received DOM event "pageshow" for "https://market.yandex.ru/?clid=505&utm_source=face_abovesearch&utm_campaign=face_abovesearch"
1515614604591	Marionette	DEBUG	Received DOM event "beforeunload" for "https://market.yandex.ru/?clid=505&utm_source=face_abovesearch&utm_campaign=face_abovesearch"
1515614604694	Marionette	DEBUG	Received DOM event "pagehide" for "https://market.yandex.ru/?clid=505&utm_source=face_abovesearch&utm_campaign=face_abovesearch"
1515614604695	Marionette	DEBUG	Received DOM event "unload" for "https://market.yandex.ru/?clid=505&utm_source=face_abovesearch&utm_campaign=face_abovesearch"
1515614604761	Marionette	DEBUG	Received observer notification "outer-window-destroyed" for "4294967306"
1515614604761	Marionette	DEBUG	Received observer notification "outer-window-destroyed" for "4294967304"
1515614605916	Marionette	DEBUG	Received DOM event "DOMContentLoaded" for "https://market.yandex.ru/catalog/54425?hid=91009&track=menu"
1515614606974	Marionette	DEBUG	Received DOM event "pageshow" for "https://market.yandex.ru/catalog/54425?hid=91009&track=menu"
1515614607068	Marionette	DEBUG	Received DOM event "beforeunload" for "https://market.yandex.ru/catalog/54425?hid=91009&track=menu"
1515614607666	Marionette	DEBUG	Received DOM event "pagehide" for "https://market.yandex.ru/catalog/54425?hid=91009&track=menu"
1515614607667	Marionette	DEBUG	Received DOM event "unload" for "https://market.yandex.ru/catalog/54425?hid=91009&track=menu"
1515614608159	Marionette	DEBUG	Received observer notification "outer-window-destroyed" for "4294967311"
1515614608159	Marionette	DEBUG	Received observer notification "outer-window-destroyed" for "4294967309"
1515614609090	Marionette	DEBUG	Received DOM event "DOMContentLoaded" for "https://market.yandex.ru/catalog/54545/list?hid=6427100&track=fr_ctlg&local-offers-first=0"
1515614609684	Marionette	DEBUG	Received DOM event "pageshow" for "https://market.yandex.ru/catalog/54545/list?hid=6427100&track=fr_ctlg&local-offers-first=0&deliveryincluded=0&onstock=1"
1515614609751	Marionette	DEBUG	Received DOM event "beforeunload" for "https://market.yandex.ru/catalog/54545/list?hid=6427100&track=fr_ctlg&local-offers-first=0&deliveryincluded=0&onstock=1"
1515614610341	Marionette	DEBUG	Received DOM event "pagehide" for "https://market.yandex.ru/catalog/54545/list?hid=6427100&track=fr_ctlg&local-offers-first=0&deliveryincluded=0&onstock=1"
1515614610352	Marionette	DEBUG	Received DOM event "unload" for "https://market.yandex.ru/catalog/54545/list?hid=6427100&track=fr_ctlg&local-offers-first=0&deliveryincluded=0&onstock=1"
1515614611395	Marionette	DEBUG	Received observer notification "outer-window-destroyed" for "4294967316"
1515614611395	Marionette	DEBUG	Received observer notification "outer-window-destroyed" for "4294967314"
1515614612014	Marionette	DEBUG	Received DOM event "DOMContentLoaded" for "https://market.yandex.ru/catalog/54545/filters?hid=6427100&track=fr_ctlg&local-offers-first=0&deliveryincluded=0&onstock=1"
1515614612973	Marionette	DEBUG	Received DOM event "pageshow" for "https://market.yandex.ru/catalog/54545/filters?hid=6427100&track=fr_ctlg&local-offers-first=0&deliveryincluded=0&onstock=1"
1515614613340	Marionette	DEBUG	Canceled page load listener because no navigation has been detected
1515614614224	Marionette	DEBUG	Canceled page load listener because no navigation has been detected
1515614614793	Marionette	DEBUG	Canceled page load listener because no navigation has been detected
1515614614841	Marionette	DEBUG	Received DOM event "beforeunload" for "https://market.yandex.ru/catalog/54545/filters?hid=6427100&glfilter=7893318%3A267101&local-offers-first=0&deliveryincluded=0&onstock=1&priceto=25000"
1515614615536	Marionette	DEBUG	Received DOM event "pagehide" for "https://market.yandex.ru/catalog/54545/filters?hid=6427100&glfilter=7893318%3A267101&local-offers-first=0&deliveryincluded=0&onstock=1&priceto=25000"
1515614615539	Marionette	DEBUG	Received DOM event "unload" for "https://market.yandex.ru/catalog/54545/filters?hid=6427100&glfilter=7893318%3A267101&local-offers-first=0&deliveryincluded=0&onstock=1&priceto=25000"
1515614616048	Marionette	DEBUG	Received observer notification "outer-window-destroyed" for "4294967321"
1515614616048	Marionette	DEBUG	Received observer notification "outer-window-destroyed" for "4294967319"
1515614616465	Marionette	DEBUG	Received DOM event "DOMContentLoaded" for "https://market.yandex.ru/catalog/54545/list?hid=6427100&local-offers-first=0&deliveryincluded=0&onstock=1&priceto=25000"
1515614617433	Marionette	DEBUG	Received DOM event "pageshow" for "https://market.yandex.ru/catalog/54545/list?hid=6427100&glfilter=7893318%3A267101&local-offers-first=0&deliveryincluded=0&onstock=1&priceto=25000"
]]></system-err>
  </testcase>
  <testcase name="test2" classname="com.asenwer93.sber.Test" time="0">
    <error message="Session ID is null. Using WebDriver after calling quit()?&#10;Build info: version: &apos;3.8.1&apos;, revision: &apos;6e95a6684b&apos;, time: &apos;2017-12-01T18:33:54.468Z&apos;&#10;System info: host: &apos;VIKA&apos;, ip: &apos;192.168.56.1&apos;, os.name: &apos;Windows 8.1&apos;, os.arch: &apos;x86&apos;, os.version: &apos;6.3&apos;, java.version: &apos;1.8.0_152&apos;&#10;Driver info: driver.version: RemoteWebDriver" type="org.openqa.selenium.NoSuchSessionException">org.openqa.selenium.NoSuchSessionException: 
Session ID is null. Using WebDriver after calling quit()?
Build info: version: '3.8.1', revision: '6e95a6684b', time: '2017-12-01T18:33:54.468Z'
System info: host: 'VIKA', ip: '192.168.56.1', os.name: 'Windows 8.1', os.arch: 'x86', os.version: '6.3', java.version: '1.8.0_152'
Driver info: driver.version: RemoteWebDriver
	at com.asenwer93.sber.Test.test2(Test.java:66)
</error>
  </testcase>
</testsuite>